[2025-07-26 15:51:39] This is codeql database index-files --include-extension=.properties --size-limit=5m --language properties -- E:\AST\SAST\EasySAST\ql-databases\micro_service_seclab
[2025-07-26 15:51:39] Log file was started late.
[2025-07-26 15:51:39] Using index-files script E:\AST\SAST\EasySAST\tools\codeql\properties\tools\index-files.cmd.
[2025-07-26 15:51:39] [PROGRESS] database index-files> Scanning for files in E:\AST\SAST\EasySAST\example-project\micro_service_seclab...
[2025-07-26 15:51:39] Calling plumbing command: codeql resolve files --include-extension=.properties --size-limit=5m E:\AST\SAST\EasySAST\example-project\micro_service_seclab --format=json
[2025-07-26 15:51:39] [PROGRESS] resolve files> Scanning E:\AST\SAST\EasySAST\example-project\micro_service_seclab...
[2025-07-26 15:51:39] [PROGRESS] resolve files> Scanning E:\AST\SAST\EasySAST\example-project\micro_service_seclab\.git...
[2025-07-26 15:51:39] [PROGRESS] resolve files> Scanning E:\AST\SAST\EasySAST\example-project\micro_service_seclab\.git\hooks...
[2025-07-26 15:51:39] [PROGRESS] resolve files> Scanning E:\AST\SAST\EasySAST\example-project\micro_service_seclab\.git\info...
[2025-07-26 15:51:39] [PROGRESS] resolve files> Scanning E:\AST\SAST\EasySAST\example-project\micro_service_seclab\.git\logs...
[2025-07-26 15:51:39] [PROGRESS] resolve files> Scanning E:\AST\SAST\EasySAST\example-project\micro_service_seclab\.git\logs\refs...
[2025-07-26 15:51:39] [PROGRESS] resolve files> Scanning E:\AST\SAST\EasySAST\example-project\micro_service_seclab\.git\logs\refs\heads...
[2025-07-26 15:51:39] [PROGRESS] resolve files> Scanning E:\AST\SAST\EasySAST\example-project\micro_service_seclab\.git\logs\refs\remotes...
[2025-07-26 15:51:39] [PROGRESS] resolve files> Scanning E:\AST\SAST\EasySAST\example-project\micro_service_seclab\.git\logs\refs\remotes\origin...
[2025-07-26 15:51:39] [PROGRESS] resolve files> Scanning E:\AST\SAST\EasySAST\example-project\micro_service_seclab\.git\objects...
[2025-07-26 15:51:39] [PROGRESS] resolve files> Scanning E:\AST\SAST\EasySAST\example-project\micro_service_seclab\.git\objects\info...
[2025-07-26 15:51:39] [PROGRESS] resolve files> Scanning E:\AST\SAST\EasySAST\example-project\micro_service_seclab\.git\objects\pack...
[2025-07-26 15:51:39] [PROGRESS] resolve files> Scanning E:\AST\SAST\EasySAST\example-project\micro_service_seclab\.git\refs...
[2025-07-26 15:51:39] [PROGRESS] resolve files> Scanning E:\AST\SAST\EasySAST\example-project\micro_service_seclab\.git\refs\heads...
[2025-07-26 15:51:39] [PROGRESS] resolve files> Scanning E:\AST\SAST\EasySAST\example-project\micro_service_seclab\.git\refs\remotes...
[2025-07-26 15:51:39] [PROGRESS] resolve files> Scanning E:\AST\SAST\EasySAST\example-project\micro_service_seclab\.git\refs\remotes\origin...
[2025-07-26 15:51:39] [PROGRESS] resolve files> Scanning E:\AST\SAST\EasySAST\example-project\micro_service_seclab\.git\refs\tags...
[2025-07-26 15:51:39] [PROGRESS] resolve files> Scanning E:\AST\SAST\EasySAST\example-project\micro_service_seclab\images...
[2025-07-26 15:51:39] [PROGRESS] resolve files> Scanning E:\AST\SAST\EasySAST\example-project\micro_service_seclab\src...
[2025-07-26 15:51:39] [PROGRESS] resolve files> Scanning E:\AST\SAST\EasySAST\example-project\micro_service_seclab\src\main...
[2025-07-26 15:51:39] [PROGRESS] resolve files> Scanning E:\AST\SAST\EasySAST\example-project\micro_service_seclab\src\main\java...
[2025-07-26 15:51:39] [PROGRESS] resolve files> Scanning E:\AST\SAST\EasySAST\example-project\micro_service_seclab\src\main\java\com...
[2025-07-26 15:51:39] [PROGRESS] resolve files> Scanning E:\AST\SAST\EasySAST\example-project\micro_service_seclab\src\main\java\com\l4yn3...
[2025-07-26 15:51:39] [PROGRESS] resolve files> Scanning E:\AST\SAST\EasySAST\example-project\micro_service_seclab\src\main\java\com\l4yn3\microserviceseclab...
[2025-07-26 15:51:39] [PROGRESS] resolve files> Scanning E:\AST\SAST\EasySAST\example-project\micro_service_seclab\src\main\java\com\l4yn3\microserviceseclab\controller...
[2025-07-26 15:51:39] [PROGRESS] resolve files> Scanning E:\AST\SAST\EasySAST\example-project\micro_service_seclab\src\main\java\com\l4yn3\microserviceseclab\dao...
[2025-07-26 15:51:39] [PROGRESS] resolve files> Scanning E:\AST\SAST\EasySAST\example-project\micro_service_seclab\src\main\java\com\l4yn3\microserviceseclab\data...
[2025-07-26 15:51:39] [PROGRESS] resolve files> Scanning E:\AST\SAST\EasySAST\example-project\micro_service_seclab\src\main\java\com\l4yn3\microserviceseclab\db...
[2025-07-26 15:51:39] [PROGRESS] resolve files> Scanning E:\AST\SAST\EasySAST\example-project\micro_service_seclab\src\main\java\com\l4yn3\microserviceseclab\logic...
[2025-07-26 15:51:39] [PROGRESS] resolve files> Scanning E:\AST\SAST\EasySAST\example-project\micro_service_seclab\src\main\java\com\l4yn3\microserviceseclab\mapper...
[2025-07-26 15:51:39] [PROGRESS] resolve files> Scanning E:\AST\SAST\EasySAST\example-project\micro_service_seclab\src\main\resources...
[2025-07-26 15:51:39] [PROGRESS] resolve files> Scanning E:\AST\SAST\EasySAST\example-project\micro_service_seclab\src\main\resources\mappers...
[2025-07-26 15:51:39] [PROGRESS] resolve files> Scanning E:\AST\SAST\EasySAST\example-project\micro_service_seclab\src\test...
[2025-07-26 15:51:39] [PROGRESS] resolve files> Scanning E:\AST\SAST\EasySAST\example-project\micro_service_seclab\src\test\java...
[2025-07-26 15:51:39] [PROGRESS] resolve files> Scanning E:\AST\SAST\EasySAST\example-project\micro_service_seclab\src\test\java\com...
[2025-07-26 15:51:39] [PROGRESS] resolve files> Scanning E:\AST\SAST\EasySAST\example-project\micro_service_seclab\src\test\java\com\l4yn3...
[2025-07-26 15:51:39] [PROGRESS] resolve files> Scanning E:\AST\SAST\EasySAST\example-project\micro_service_seclab\src\test\java\com\l4yn3\microserviceseclab...
[2025-07-26 15:51:39] [PROGRESS] resolve files> Scanning E:\AST\SAST\EasySAST\example-project\micro_service_seclab\target...
[2025-07-26 15:51:39] [PROGRESS] resolve files> Scanning E:\AST\SAST\EasySAST\example-project\micro_service_seclab\target\classes...
[2025-07-26 15:51:39] [PROGRESS] resolve files> Scanning E:\AST\SAST\EasySAST\example-project\micro_service_seclab\target\classes\com...
[2025-07-26 15:51:39] [PROGRESS] resolve files> Scanning E:\AST\SAST\EasySAST\example-project\micro_service_seclab\target\classes\com\l4yn3...
[2025-07-26 15:51:39] [PROGRESS] resolve files> Scanning E:\AST\SAST\EasySAST\example-project\micro_service_seclab\target\classes\com\l4yn3\microserviceseclab...
[2025-07-26 15:51:39] [PROGRESS] resolve files> Scanning E:\AST\SAST\EasySAST\example-project\micro_service_seclab\target\classes\com\l4yn3\microserviceseclab\controller...
[2025-07-26 15:51:39] [PROGRESS] resolve files> Scanning E:\AST\SAST\EasySAST\example-project\micro_service_seclab\target\classes\com\l4yn3\microserviceseclab\dao...
[2025-07-26 15:51:39] [PROGRESS] resolve files> Scanning E:\AST\SAST\EasySAST\example-project\micro_service_seclab\target\classes\com\l4yn3\microserviceseclab\data...
[2025-07-26 15:51:39] [PROGRESS] resolve files> Scanning E:\AST\SAST\EasySAST\example-project\micro_service_seclab\target\classes\com\l4yn3\microserviceseclab\db...
[2025-07-26 15:51:39] [PROGRESS] resolve files> Scanning E:\AST\SAST\EasySAST\example-project\micro_service_seclab\target\classes\com\l4yn3\microserviceseclab\logic...
[2025-07-26 15:51:39] [PROGRESS] resolve files> Scanning E:\AST\SAST\EasySAST\example-project\micro_service_seclab\target\classes\com\l4yn3\microserviceseclab\mapper...
[2025-07-26 15:51:39] [PROGRESS] resolve files> Scanning E:\AST\SAST\EasySAST\example-project\micro_service_seclab\target\classes\mappers...
[2025-07-26 15:51:39] [PROGRESS] resolve files> Scanning E:\AST\SAST\EasySAST\example-project\micro_service_seclab\target\generated-sources...
[2025-07-26 15:51:39] [PROGRESS] resolve files> Scanning E:\AST\SAST\EasySAST\example-project\micro_service_seclab\target\generated-sources\annotations...
[2025-07-26 15:51:39] [PROGRESS] resolve files> Scanning E:\AST\SAST\EasySAST\example-project\micro_service_seclab\target\maven-archiver...
[2025-07-26 15:51:39] [PROGRESS] resolve files> Scanning E:\AST\SAST\EasySAST\example-project\micro_service_seclab\target\maven-status...
[2025-07-26 15:51:39] [PROGRESS] resolve files> Scanning E:\AST\SAST\EasySAST\example-project\micro_service_seclab\target\maven-status\maven-compiler-plugin...
[2025-07-26 15:51:39] [PROGRESS] resolve files> Scanning E:\AST\SAST\EasySAST\example-project\micro_service_seclab\target\maven-status\maven-compiler-plugin\compile...
[2025-07-26 15:51:39] [PROGRESS] resolve files> Scanning E:\AST\SAST\EasySAST\example-project\micro_service_seclab\target\maven-status\maven-compiler-plugin\compile\default-compile...
[2025-07-26 15:51:39] Plumbing command codeql resolve files completed:
                      [
                        "E:\\AST\\SAST\\EasySAST\\example-project\\micro_service_seclab\\src\\main\\resources\\application.properties",
                        "E:\\AST\\SAST\\EasySAST\\example-project\\micro_service_seclab\\target\\classes\\application.properties",
                        "E:\\AST\\SAST\\EasySAST\\example-project\\micro_service_seclab\\target\\maven-archiver\\pom.properties"
                      ]
[2025-07-26 15:51:39] [DETAILS] database index-files> Found 3 files.
[2025-07-26 15:51:39] [PROGRESS] database index-files> E:\AST\SAST\EasySAST\ql-databases\micro_service_seclab: Indexing files in in E:\AST\SAST\EasySAST\example-project\micro_service_seclab...
[2025-07-26 15:51:39] Using index-files script E:\AST\SAST\EasySAST\tools\codeql\properties\tools\index-files.cmd.
[2025-07-26 15:51:39] [PROGRESS] database index-files> Running command in E:\AST\SAST\EasySAST\example-project\micro_service_seclab: [E:\AST\SAST\EasySAST\tools\codeql\properties\tools\index-files.cmd, E:\AST\SAST\EasySAST\ql-databases\micro_service_seclab\working\files-to-index10205897731640170007.list]
[2025-07-26 15:51:40] Terminating normally.
