[2025-07-26 15:37:28] This is codeql database analyze E:\AST\SAST\EasySAST\ql-databases\micro_service_seclab E:\AST\SAST\EasySAST\ql-query\exec.ql --format=sarif-latest --output=E:\AST\SAST\EasySAST\result\micro_service_seclab\exec.sarif
[2025-07-26 15:37:28] Log file was started late.
[2025-07-26 15:37:28] [PROGRESS] database analyze> Running queries.
[2025-07-26 15:37:28] Running plumbing command: codeql database run-queries --evaluator-log-level=5 --warnings=show --dynamic-join-order-mode=none --qlconfig-file=E:\AST\SAST\EasySAST\qlconfig.yml --no-rerun -- E:\AST\SAST\EasySAST\ql-databases\micro_service_seclab E:\AST\SAST\EasySAST\ql-query\exec.ql
[2025-07-26 15:37:28] Exception caught at top level: Database at E:\AST\SAST\EasySAST\ql-databases\micro_service_seclab needs to be finalized before running queries; please run codeql database finalize
                      com.semmle.cli2.database.RunQueriesCommand.executeSubcommand(RunQueriesCommand.java:233)
                      com.semmle.cli2.picocli.SubcommandCommon.lambda$executeSubcommandWithMessages$5(SubcommandCommon.java:892)
                      com.semmle.cli2.picocli.SubcommandCommon.withCompilationMessages(SubcommandCommon.java:444)
                      com.semmle.cli2.picocli.SubcommandCommon.executeSubcommandWithMessages(SubcommandCommon.java:890)
                      com.semmle.cli2.picocli.PlumbingRunner.run(PlumbingRunner.java:119)
                      com.semmle.cli2.picocli.SubcommandCommon.runPlumbingInProcess(SubcommandCommon.java:201)
                      com.semmle.cli2.database.AnalyzeCommand.executeSubcommand(AnalyzeCommand.java:169)
                      com.semmle.cli2.picocli.SubcommandCommon.lambda$executeSubcommandWithMessages$5(SubcommandCommon.java:892)
                      com.semmle.cli2.picocli.SubcommandCommon.withCompilationMessages(SubcommandCommon.java:444)
                      com.semmle.cli2.picocli.SubcommandCommon.executeSubcommandWithMessages(SubcommandCommon.java:890)
                      com.semmle.cli2.picocli.SubcommandCommon.toplevelMain(SubcommandCommon.java:777)
                      com.semmle.cli2.picocli.SubcommandCommon.call(SubcommandCommon.java:757)
                      com.semmle.cli2.picocli.SubcommandMaker.runMain(SubcommandMaker.java:238)
                      com.semmle.cli2.picocli.SubcommandMaker.runMain(SubcommandMaker.java:259)
                      com.semmle.cli2.CodeQL.main(CodeQL.java:115)
